========================================
2019-09-24 09:59:13 - Start Program
========================================

new beta = 0
(20002,)
new beta = 1
(20002,)
new beta = 2
(20002,)
new beta = 3
(20002,)
new beta = 4
(20002,)
new beta = 5
(20002,)
new beta = 6
(20002,)
new beta = 7
(20002,)
new beta = 8
(20002,)
new beta = 9
(20002,)
new beta = 10
(20002,)
new beta = 11
(20002,)
new beta = 12
(20002,)
========================================
2019-09-24 09:59:14 - End Program
Elapsed time: 0:00:00.468393
========================================

